Thu, 28 Jul 2022 09:21:45 main.py[line:51] INFO Auto Remove Torrents 1.5.3
Thu, 28 Jul 2022 09:21:45 main.py[line:53] INFO Loading configurations...
Thu, 28 Jul 2022 09:21:45 main.py[line:56] INFO Found 1 task(s) in the file.
Thu, 28 Jul 2022 09:21:45 task.py[line:138] INFO Running task 'qbittorrent'...
Thu, 28 Jul 2022 09:21:56 task.py[line:85] INFO Logging in...
Thu, 28 Jul 2022 09:22:08 main.py[line:64] ERROR autoremovetorrents.exception.loginfailure.LoginFailure: The server returned HTTP 503.
Thu, 28 Jul 2022 09:22:08 main.py[line:65] ERROR Task qbittorrent fails. 
Thu, 28 Jul 2022 09:26:45 main.py[line:51] INFO Auto Remove Torrents 1.5.3
Thu, 28 Jul 2022 09:26:45 main.py[line:53] INFO Loading configurations...
Thu, 28 Jul 2022 09:26:45 main.py[line:56] INFO Found 1 task(s) in the file.
Thu, 28 Jul 2022 09:26:45 task.py[line:138] INFO Running task 'qbittorrent'...
Thu, 28 Jul 2022 09:26:56 task.py[line:85] INFO Logging in...
Thu, 28 Jul 2022 09:27:08 main.py[line:64] ERROR autoremovetorrents.exception.loginfailure.LoginFailure: The server returned HTTP 503.
Thu, 28 Jul 2022 09:27:08 main.py[line:65] ERROR Task qbittorrent fails. 
Thu, 28 Jul 2022 09:31:45 main.py[line:51] INFO Auto Remove Torrents 1.5.3
Thu, 28 Jul 2022 09:31:45 main.py[line:53] INFO Loading configurations...
Thu, 28 Jul 2022 09:31:45 main.py[line:56] INFO Found 1 task(s) in the file.
Thu, 28 Jul 2022 09:31:45 task.py[line:138] INFO Running task 'qbittorrent'...
Thu, 28 Jul 2022 09:31:56 task.py[line:85] INFO Logging in...
Thu, 28 Jul 2022 09:32:08 main.py[line:64] ERROR autoremovetorrents.exception.loginfailure.LoginFailure: The server returned HTTP 503.
Thu, 28 Jul 2022 09:32:08 main.py[line:65] ERROR Task qbittorrent fails. 
Thu, 28 Jul 2022 09:36:45 main.py[line:51] INFO Auto Remove Torrents 1.5.3
Thu, 28 Jul 2022 09:36:45 main.py[line:53] INFO Loading configurations...
Thu, 28 Jul 2022 09:36:45 main.py[line:56] INFO Found 1 task(s) in the file.
Thu, 28 Jul 2022 09:36:45 task.py[line:138] INFO Running task 'qbittorrent'...
Thu, 28 Jul 2022 09:36:56 task.py[line:85] INFO Logging in...
Thu, 28 Jul 2022 09:37:08 main.py[line:64] ERROR autoremovetorrents.exception.loginfailure.LoginFailure: The server returned HTTP 503.
Thu, 28 Jul 2022 09:37:08 main.py[line:65] ERROR Task qbittorrent fails. 
